{"/Users/junting.wang/Documents/projects/weather-report/src/types/index.ts": {"path":"/Users/junting.wang/Documents/projects/weather-report/src/types/index.ts","statementMap":{"0":{"start":{"line":1,"column":0},"end":{"line":1,"column":null}},"1":{"start":{"line":2,"column":2},"end":{"line":2,"column":null}},"2":{"start":{"line":3,"column":2},"end":{"line":3,"column":null}}},"fnMap":{"0":{"name":"(anonymous_0)","decl":{"start":{"line":1,"column":0},"end":{"line":1,"column":12}},"loc":{"start":{"line":1,"column":24},"end":{"line":4,"column":1}}}},"branchMap":{"0":{"loc":{"start":{"line":1,"column":12},"end":{"line":1,"column":24}},"type":"binary-expr","locations":[{"start":{"line":1,"column":12},"end":{"line":1,"column":24}},{"start":{"line":1,"column":12},"end":{"line":1,"column":null}}]}},"s":{"0":1,"1":1,"2":1},"f":{"0":1},"b":{"0":[1,1]}}
,"/Users/junting.wang/Documents/projects/weather-report/src/utils/index.ts": {"path":"/Users/junting.wang/Documents/projects/weather-report/src/utils/index.ts","statementMap":{"0":{"start":{"line":1,"column":0},"end":{"line":1,"column":48}},"1":{"start":{"line":3,"column":13},"end":{"line":9,"column":2}},"2":{"start":{"line":4,"column":2},"end":{"line":6,"column":null}},"3":{"start":{"line":5,"column":4},"end":{"line":5,"column":24}},"4":{"start":{"line":8,"column":2},"end":{"line":8,"column":82}}},"fnMap":{"0":{"name":"(anonymous_0)","decl":{"start":{"line":3,"column":27},"end":{"line":3,"column":28}},"loc":{"start":{"line":3,"column":78},"end":{"line":9,"column":1}}}},"branchMap":{"0":{"loc":{"start":{"line":3,"column":60},"end":{"line":3,"column":74}},"type":"default-arg","locations":[{"start":{"line":3,"column":60},"end":{"line":3,"column":74}}]},"1":{"loc":{"start":{"line":4,"column":2},"end":{"line":6,"column":null}},"type":"if","locations":[{"start":{"line":4,"column":2},"end":{"line":6,"column":null}},{"start":{"line":4,"column":2},"end":{"line":6,"column":null}}]},"2":{"loc":{"start":{"line":8,"column":37},"end":{"line":8,"column":63}},"type":"cond-expr","locations":[{"start":{"line":8,"column":37},"end":{"line":8,"column":63}},{"start":{"line":8,"column":66},"end":{"line":8,"column":81}}]}},"s":{"0":1,"1":1,"2":3,"3":1,"4":3},"f":{"0":3},"b":{"0":[1],"1":[1,2],"2":[2,1]}}
}
